2024-06-14 12:33:52,562 - test_logger - INFO - -------------Verifying Login Test--------------
2024-06-14 12:33:52,577 - test_logger - INFO - -------------Test_001_Login---------------------
2024-06-14 12:33:52,577 - test_logger - INFO - -------------Verifying Home Page Title----------
2024-06-14 12:33:54,835 - test_logger - INFO - -------------Home Page Title test is Passed-------------
2024-06-14 12:33:57,792 - test_logger - INFO - -------------Login Test is Passed----------
2024-06-14 12:39:02,387 - test_logger - INFO - -------------Test_001_Login---------------------
2024-06-14 12:39:02,387 - test_logger - INFO - -------------Verifying Home Page Title----------
2024-06-14 12:39:02,387 - test_logger - WARNING - ==================Check Warning log==================
2024-06-14 12:39:02,387 - test_logger - INFO - -------------Verifying Login Test--------------
2024-06-14 12:39:05,339 - test_logger - INFO - -------------Home Page Title test is Passed-------------
2024-06-14 12:39:07,675 - test_logger - INFO - -------------Login Test is Passed----------
2024-06-14 12:41:19,654 - root - INFO - -------------Test_001_Login---------------------
2024-06-14 12:41:19,654 - root - INFO - -------------Verifying Home Page Title----------
2024-06-14 12:41:19,791 - root - INFO - -------------Verifying Login Test--------------
2024-06-14 12:41:21,938 - root - INFO - -------------Home Page Title test is Passed-------------
2024-06-14 12:41:25,188 - root - INFO - -------------Login Test is Passed----------
2024-06-14 13:15:39,014 - test_logger - INFO - -------------Verifying Login Test--------------
2024-06-14 13:15:39,017 - test_logger - INFO - -------------Test_001_Login---------------------
2024-06-14 13:15:39,017 - test_logger - INFO - -------------Verifying Home Page Title----------
2024-06-14 13:15:42,100 - test_logger - INFO - -------------Home Page Title test is Passed-------------
2024-06-14 13:15:59,406 - test_logger - INFO - -------------Login Test is Passed----------
2024-06-14 13:16:26,159 - test_logger - INFO - -------------Test_001_Login---------------------
2024-06-14 13:16:26,159 - test_logger - INFO - -------------Verifying Home Page Title----------
2024-06-14 13:16:26,180 - test_logger - INFO - -------------Verifying Login Test--------------
2024-06-14 13:16:28,412 - test_logger - INFO - -------------Home Page Title test is Passed-------------
2024-06-14 13:16:43,069 - test_logger - INFO - -------------Login Test is Passed----------
2024-06-14 13:17:30,571 - test_logger - INFO - -------------Verifying Login Test--------------
2024-06-14 13:17:30,743 - test_logger - INFO - -------------Test_001_Login---------------------
2024-06-14 13:17:30,779 - test_logger - INFO - -------------Verifying Home Page Title----------
2024-06-14 13:17:32,219 - test_logger - INFO - -------------Home Page Title test is Passed-------------
2024-06-14 13:17:35,512 - test_logger - INFO - -------------Login Test is Passed----------
